c:\users\brian\desktop\learnc++\parentsdlproject\learnsdl\learnsdl\x64\debug\vc143.pdb
c:\users\brian\desktop\learnc++\parentsdlproject\learnsdl\learnsdl\x64\debug\vc143.idb
c:\users\brian\desktop\learnc++\parentsdlproject\learnsdl\learnsdl\x64\debug\gametest.obj
c:\users\brian\desktop\learnc++\parentsdlproject\learnsdl\learnsdl\x64\debug\inputhandler.obj
c:\users\brian\desktop\learnc++\parentsdlproject\learnsdl\learnsdl\x64\debug\windowhandler.obj
c:\users\brian\desktop\learnc++\parentsdlproject\learnsdl\learnsdl\x64\debug\learnsdl.obj
c:\users\brian\desktop\learnc++\parentsdlproject\learnsdl\x64\debug\learnsdl.exe
c:\users\brian\desktop\learnc++\parentsdlproject\learnsdl\x64\debug\learnsdl.pdb
c:\users\brian\desktop\learnc++\parentsdlproject\learnsdl\learnsdl\x64\debug\learnsdl.ilk
c:\users\brian\desktop\learnc++\parentsdlproject\learnsdl\learnsdl\x64\debug\eventhandler.obj
c:\users\brian\desktop\learnc++\parentsdlproject\learnsdl\learnsdl\x64\debug\initializer.obj
c:\users\brian\desktop\learnc++\parentsdlproject\learnsdl\learnsdl\x64\debug\initsdl.obj
c:\users\brian\desktop\learnc++\parentsdlproject\learnsdl\learnsdl\x64\debug\medialoader.obj
c:\users\brian\desktop\learnc++\parentsdlproject\learnsdl\learnsdl\x64\debug\surfaceloader.obj
c:\users\brian\desktop\learnc++\parentsdlproject\learnsdl\learnsdl\x64\debug\learnsdl.tlog\cl.command.1.tlog
c:\users\brian\desktop\learnc++\parentsdlproject\learnsdl\learnsdl\x64\debug\learnsdl.tlog\cl.items.tlog
c:\users\brian\desktop\learnc++\parentsdlproject\learnsdl\learnsdl\x64\debug\learnsdl.tlog\cl.read.1.tlog
c:\users\brian\desktop\learnc++\parentsdlproject\learnsdl\learnsdl\x64\debug\learnsdl.tlog\cl.write.1.tlog
c:\users\brian\desktop\learnc++\parentsdlproject\learnsdl\learnsdl\x64\debug\learnsdl.tlog\link.command.1.tlog
c:\users\brian\desktop\learnc++\parentsdlproject\learnsdl\learnsdl\x64\debug\learnsdl.tlog\link.read.1.tlog
c:\users\brian\desktop\learnc++\parentsdlproject\learnsdl\learnsdl\x64\debug\learnsdl.tlog\link.secondary.1.tlog
c:\users\brian\desktop\learnc++\parentsdlproject\learnsdl\learnsdl\x64\debug\learnsdl.tlog\link.write.1.tlog
